<?xml version="1.0" encoding="UTF-8"?>
<!-- Generated by org.testng.reporters.JUnitXMLReporter -->
<testsuite ignored="0" hostname="BLR1-LHP-N81084" failures="0" tests="4" name="Default test" time="0.028" errors="0" timestamp="2022-09-13T20:39:17 IST">
  <testcase classname="com.automation.Test.BaseTest" name="@BeforeTest beforeTest" time="-1.663081757597E9">
    <failure type="org.testng.TestNGException" message="
Parameter &amp;apos;browser&amp;apos; is required by BeforeTest on method beforeTest but has not been marked @Optional or defined
in C:\Users\Mainak.mondal\AppData\Local\Temp\testng-eclipse-555165368\testng-customsuite.xml">
      <![CDATA[org.testng.TestNGException: 
Parameter 'browser' is required by BeforeTest on method beforeTest but has not been marked @Optional or defined
in C:\Users\Mainak.mondal\AppData\Local\Temp\testng-eclipse-555165368\testng-customsuite.xml
at org.testng.internal.Parameters.createParams(Parameters.java:270)
at org.testng.internal.Parameters.createParametersForMethod(Parameters.java:358)
at org.testng.internal.Parameters.createParameters(Parameters.java:700)
at org.testng.internal.Parameters.createConfigurationParameters(Parameters.java:168)
at org.testng.internal.ConfigInvoker.invokeConfigurations(ConfigInvoker.java:302)
at org.testng.TestRunner.invokeTestConfigurations(TestRunner.java:637)
at org.testng.TestRunner.beforeRun(TestRunner.java:627)
at org.testng.TestRunner.run(TestRunner.java:589)
at org.testng.SuiteRunner.runTest(SuiteRunner.java:377)
at org.testng.SuiteRunner.runSequentially(SuiteRunner.java:371)
at org.testng.SuiteRunner.privateRun(SuiteRunner.java:332)
at org.testng.SuiteRunner.run(SuiteRunner.java:276)
at org.testng.SuiteRunnerWorker.runSuite(SuiteRunnerWorker.java:53)
at org.testng.SuiteRunnerWorker.run(SuiteRunnerWorker.java:96)
at org.testng.TestNG.runSuitesSequentially(TestNG.java:1212)
at org.testng.TestNG.runSuitesLocally(TestNG.java:1134)
at org.testng.TestNG.runSuites(TestNG.java:1063)
at org.testng.TestNG.run(TestNG.java:1031)
at org.testng.remote.AbstractRemoteTestNG.run(AbstractRemoteTestNG.java:115)
at org.testng.remote.RemoteTestNG.initAndRun(RemoteTestNG.java:251)
at org.testng.remote.RemoteTestNG.main(RemoteTestNG.java:77)
]]>
    </failure>
  </testcase> <!-- @BeforeTest beforeTest -->
  <testcase classname="com.automation.Test.BaseTest" name="@BeforeClass beforeClass" time="-1.663081757608E9">
    <skipped/>
  </testcase> <!-- @BeforeClass beforeClass -->
  <testcase classname="com.automation.Test.BaseTest" name="@AfterTest tearDown" time="-1.663081757623E9">
    <skipped/>
  </testcase> <!-- @AfterTest tearDown -->
  <testcase classname="com.automation.Test.SearchFlightTest" name="BasicSearch" time="0.0">
    <skipped/>
  </testcase> <!-- BasicSearch -->
  <testcase classname="com.automation.Test.SearchFlightTest" name="ParameterizedSearch" time="0.0">
    <skipped/>
  </testcase> <!-- ParameterizedSearch -->
  <testcase classname="com.automation.Test.SearchFlightTest" name="RoundTripSearch" time="0.0">
    <skipped/>
  </testcase> <!-- RoundTripSearch -->
  <testcase classname="com.automation.Test.SearchFlightTest" name="MultiCitySearch" time="0.0">
    <skipped/>
  </testcase> <!-- MultiCitySearch -->
</testsuite> <!-- Default test -->
