<?xml version="1.0" encoding="UTF-8"?>
<!-- Generated by org.testng.reporters.JUnitXMLReporter -->
<testsuite ignored="0" hostname="BLR1-LHP-N81084" failures="0" tests="2" name="register_esdxgxzxxv#2" time="0.009" errors="0" timestamp="2022-09-10T13:47:20 IST">
  <testcase classname="com.automation.Test.BaseTest" name="@BeforeTest beforeTest" time="0.0">
    <failure type="java.lang.IllegalArgumentException" message="No enum constant com.automation.Generic.Browser.firefox">
      <![CDATA[java.lang.IllegalArgumentException: No enum constant com.automation.Generic.Browser.firefox
at java.base/java.lang.Enum.valueOf(Enum.java:273)
at com.automation.Generic.Browser.valueOf(Browser.java:1)
at com.automation.Generic.DriverUtils.createWebDriver(DriverUtils.java:41)
at com.automation.Test.BaseTest.beforeTest(BaseTest.java:34)
at com.automation.TestRunner.RunnerConfig.runNG(RunnerConfig.java:28)
at com.automation.TestRunner.App$6$1.run(App.java:393)
... Removed 21 stack frames]]>
    </failure>
  </testcase> <!-- @BeforeTest beforeTest -->
  <testcase classname="com.automation.Test.BaseTest" name="@BeforeClass beforeClass" time="-1.662797840664E9">
    <skipped/>
  </testcase> <!-- @BeforeClass beforeClass -->
  <testcase classname="com.automation.Test.BaseTest" name="@AfterTest tearDown" time="-1.662797840664E9">
    <skipped/>
  </testcase> <!-- @AfterTest tearDown -->
  <testcase classname="com.automation.Test.RegisterTest" name="sampleTestforParameter" time="0.0">
    <skipped/>
  </testcase> <!-- sampleTestforParameter -->
  <testcase classname="com.automation.Test.RegisterTest" name="registerWithValidData" time="0.0">
    <skipped/>
  </testcase> <!-- registerWithValidData -->
</testsuite> <!-- register_esdxgxzxxv#2 -->
