<html>
<head>
<title>TestNG:  register_esdxgxzxxv#2</title>
<link href="../testng.css" rel="stylesheet" type="text/css" />
<link href="../my-testng.css" rel="stylesheet" type="text/css" />

<style type="text/css">
.log { display: none;} 
.stack-trace { display: none;} 
</style>
<script type="text/javascript">
<!--
function flip(e) {
  current = e.style.display;
  if (current == 'block') {
    e.style.display = 'none';
    return 0;
  }
  else {
    e.style.display = 'block';
    return 1;
  }
}

function toggleBox(szDivId, elem, msg1, msg2)
{
  var res = -1;  if (document.getElementById) {
    res = flip(document.getElementById(szDivId));
  }
  else if (document.all) {
    // this is the way old msie versions work
    res = flip(document.all[szDivId]);
  }
  if(elem) {
    if(res == 0) elem.innerHTML = msg1; else elem.innerHTML = msg2;
  }

}

function toggleAllBoxes() {
  if (document.getElementsByTagName) {
    d = document.getElementsByTagName('div');
    for (i = 0; i < d.length; i++) {
      if (d[i].className == 'log') {
        flip(d[i]);
      }
    }
  }
}

// -->
</script>

</head>
<body>
<h2 align='center'>register_esdxgxzxxv#2</h2><table border='1' align="center">
<tr>
<td>Tests passed/Failed/Skipped:</td><td>0/0/2</td>
</tr><tr>
<td>Started on:</td><td>Sat Sep 10 13:47:20 IST 2022</td>
</tr>
<tr><td>Total time:</td><td>0 seconds (9 ms)</td>
</tr><tr>
<td>Included groups:</td><td></td>
</tr><tr>
<td>Excluded groups:</td><td></td>
</tr>
</table><p/>
<small><i>(Hover the method name to see the test class name)</i></small><p/>
<table width='100%' border='1' class='invocation-failed'>
<tr><td colspan='4' align='center'><b>FAILED CONFIGURATIONS</b></td></tr>
<tr><td><b>Test method</b></td>
<td width="30%"><b>Exception</b></td>
<td width="10%"><b>Time (seconds)</b></td>
<td><b>Instance</b></td>
</tr>
<tr>
<td title='com.automation.Test.RegisterTest.beforeTest()'><b>beforeTest</b><br>Test class: com.automation.Test.RegisterTest<br>Parameters: firefox, incognito,start-maximized</td>
<td><div><pre>java.lang.IllegalArgumentException: No enum constant com.automation.Generic.Browser.firefox
	at java.base/java.lang.Enum.valueOf(Enum.java:273)
	at com.automation.Generic.Browser.valueOf(Browser.java:1)
	at com.automation.Generic.DriverUtils.createWebDriver(DriverUtils.java:41)
	at com.automation.Test.BaseTest.beforeTest(BaseTest.java:34)
	at com.automation.TestRunner.RunnerConfig.runNG(RunnerConfig.java:28)
	at com.automation.TestRunner.App$6$1.run(App.java:393)
... Removed 21 stack frames</pre></div><a href='#' onClick='toggleBox("stack-trace1353590340", this, "Click to show all stack frames", "Click to hide stack frames")'>Click to show all stack frames</a>
<div class='stack-trace' id='stack-trace1353590340'><pre>java.lang.IllegalArgumentException: No enum constant com.automation.Generic.Browser.firefox
	at java.base/java.lang.Enum.valueOf(Enum.java:273)
	at com.automation.Generic.Browser.valueOf(Browser.java:1)
	at com.automation.Generic.DriverUtils.createWebDriver(DriverUtils.java:41)
	at com.automation.Test.BaseTest.beforeTest(BaseTest.java:34)
	at java.base/jdk.internal.reflect.NativeMethodAccessorImpl.invoke0(Native Method)
	at java.base/jdk.internal.reflect.NativeMethodAccessorImpl.invoke(NativeMethodAccessorImpl.java:77)
	at java.base/jdk.internal.reflect.DelegatingMethodAccessorImpl.invoke(DelegatingMethodAccessorImpl.java:43)
	at java.base/java.lang.reflect.Method.invoke(Method.java:568)
	at org.testng.internal.MethodInvocationHelper.invokeMethod(MethodInvocationHelper.java:133)
	at org.testng.internal.MethodInvocationHelper.invokeMethodConsideringTimeout(MethodInvocationHelper.java:62)
	at org.testng.internal.ConfigInvoker.invokeConfigurationMethod(ConfigInvoker.java:385)
	at org.testng.internal.ConfigInvoker.invokeConfigurations(ConfigInvoker.java:321)
	at org.testng.TestRunner.invokeTestConfigurations(TestRunner.java:637)
	at org.testng.TestRunner.beforeRun(TestRunner.java:627)
	at org.testng.TestRunner.run(TestRunner.java:589)
	at org.testng.SuiteRunner.runTest(SuiteRunner.java:377)
	at org.testng.SuiteRunner.runSequentially(SuiteRunner.java:371)
	at org.testng.SuiteRunner.privateRun(SuiteRunner.java:332)
	at org.testng.SuiteRunner.run(SuiteRunner.java:276)
	at org.testng.SuiteRunnerWorker.runSuite(SuiteRunnerWorker.java:53)
	at org.testng.SuiteRunnerWorker.run(SuiteRunnerWorker.java:96)
	at org.testng.TestNG.runSuitesSequentially(TestNG.java:1212)
	at org.testng.TestNG.runSuitesLocally(TestNG.java:1134)
	at org.testng.TestNG.runSuites(TestNG.java:1063)
	at org.testng.TestNG.run(TestNG.java:1031)
	at com.automation.TestRunner.RunnerConfig.runNG(RunnerConfig.java:28)
	at com.automation.TestRunner.App$6$1.run(App.java:393)
</pre></div></td>
<td>0</td>
<td>com.automation.Test.RegisterTest@3aeb020d</td></tr>
</table><p>
<table width='100%' border='1' class='invocation-skipped'>
<tr><td colspan='4' align='center'><b>SKIPPED CONFIGURATIONS</b></td></tr>
<tr><td><b>Test method</b></td>
<td width="30%"><b>Exception</b></td>
<td width="10%"><b>Time (seconds)</b></td>
<td><b>Instance</b></td>
</tr>
<tr>
<td title='com.automation.Test.RegisterTest.beforeClass()'><b>beforeClass</b><br>Test class: com.automation.Test.RegisterTest</td>
<td></td>
<td>-1662797840</td>
<td>com.automation.Test.RegisterTest@3aeb020d</td></tr>
<tr>
<td title='com.automation.Test.RegisterTest.tearDown()'><b>tearDown</b><br>Test class: com.automation.Test.RegisterTest</td>
<td></td>
<td>-1662797840</td>
<td>com.automation.Test.RegisterTest@3aeb020d</td></tr>
</table><p>
<table width='100%' border='1' class='invocation-skipped'>
<tr><td colspan='4' align='center'><b>SKIPPED TESTS</b></td></tr>
<tr><td><b>Test method</b></td>
<td width="30%"><b>Exception</b></td>
<td width="10%"><b>Time (seconds)</b></td>
<td><b>Instance</b></td>
</tr>
<tr>
<td title='com.automation.Test.RegisterTest.sampleTestforParameter()'><b>sampleTestforParameter</b><br>Test class: com.automation.Test.RegisterTest<br>Parameters: mainak, mondal</td>
<td><div><pre>java.lang.IllegalArgumentException: No enum constant com.automation.Generic.Browser.firefox
	at java.base/java.lang.Enum.valueOf(Enum.java:273)
	at com.automation.Generic.Browser.valueOf(Browser.java:1)
	at com.automation.Generic.DriverUtils.createWebDriver(DriverUtils.java:41)
	at com.automation.Test.BaseTest.beforeTest(BaseTest.java:34)
	at com.automation.TestRunner.RunnerConfig.runNG(RunnerConfig.java:28)
	at com.automation.TestRunner.App$6$1.run(App.java:393)
... Removed 21 stack frames</pre></div><a href='#' onClick='toggleBox("stack-trace609938283", this, "Click to show all stack frames", "Click to hide stack frames")'>Click to show all stack frames</a>
<div class='stack-trace' id='stack-trace609938283'><pre>java.lang.IllegalArgumentException: No enum constant com.automation.Generic.Browser.firefox
	at java.base/java.lang.Enum.valueOf(Enum.java:273)
	at com.automation.Generic.Browser.valueOf(Browser.java:1)
	at com.automation.Generic.DriverUtils.createWebDriver(DriverUtils.java:41)
	at com.automation.Test.BaseTest.beforeTest(BaseTest.java:34)
	at java.base/jdk.internal.reflect.NativeMethodAccessorImpl.invoke0(Native Method)
	at java.base/jdk.internal.reflect.NativeMethodAccessorImpl.invoke(NativeMethodAccessorImpl.java:77)
	at java.base/jdk.internal.reflect.DelegatingMethodAccessorImpl.invoke(DelegatingMethodAccessorImpl.java:43)
	at java.base/java.lang.reflect.Method.invoke(Method.java:568)
	at org.testng.internal.MethodInvocationHelper.invokeMethod(MethodInvocationHelper.java:133)
	at org.testng.internal.MethodInvocationHelper.invokeMethodConsideringTimeout(MethodInvocationHelper.java:62)
	at org.testng.internal.ConfigInvoker.invokeConfigurationMethod(ConfigInvoker.java:385)
	at org.testng.internal.ConfigInvoker.invokeConfigurations(ConfigInvoker.java:321)
	at org.testng.TestRunner.invokeTestConfigurations(TestRunner.java:637)
	at org.testng.TestRunner.beforeRun(TestRunner.java:627)
	at org.testng.TestRunner.run(TestRunner.java:589)
	at org.testng.SuiteRunner.runTest(SuiteRunner.java:377)
	at org.testng.SuiteRunner.runSequentially(SuiteRunner.java:371)
	at org.testng.SuiteRunner.privateRun(SuiteRunner.java:332)
	at org.testng.SuiteRunner.run(SuiteRunner.java:276)
	at org.testng.SuiteRunnerWorker.runSuite(SuiteRunnerWorker.java:53)
	at org.testng.SuiteRunnerWorker.run(SuiteRunnerWorker.java:96)
	at org.testng.TestNG.runSuitesSequentially(TestNG.java:1212)
	at org.testng.TestNG.runSuitesLocally(TestNG.java:1134)
	at org.testng.TestNG.runSuites(TestNG.java:1063)
	at org.testng.TestNG.run(TestNG.java:1031)
	at com.automation.TestRunner.RunnerConfig.runNG(RunnerConfig.java:28)
	at com.automation.TestRunner.App$6$1.run(App.java:393)
</pre></div></td>
<td>0</td>
<td>com.automation.Test.RegisterTest@3aeb020d</td></tr>
<tr>
<td title='com.automation.Test.RegisterTest.registerWithValidData()'><b>registerWithValidData</b><br>Test class: com.automation.Test.RegisterTest<br>Parameters: mainak, mondal</td>
<td><div><pre>java.lang.IllegalArgumentException: No enum constant com.automation.Generic.Browser.firefox
	at java.base/java.lang.Enum.valueOf(Enum.java:273)
	at com.automation.Generic.Browser.valueOf(Browser.java:1)
	at com.automation.Generic.DriverUtils.createWebDriver(DriverUtils.java:41)
	at com.automation.Test.BaseTest.beforeTest(BaseTest.java:34)
	at com.automation.TestRunner.RunnerConfig.runNG(RunnerConfig.java:28)
	at com.automation.TestRunner.App$6$1.run(App.java:393)
... Removed 21 stack frames</pre></div><a href='#' onClick='toggleBox("stack-trace99050914", this, "Click to show all stack frames", "Click to hide stack frames")'>Click to show all stack frames</a>
<div class='stack-trace' id='stack-trace99050914'><pre>java.lang.IllegalArgumentException: No enum constant com.automation.Generic.Browser.firefox
	at java.base/java.lang.Enum.valueOf(Enum.java:273)
	at com.automation.Generic.Browser.valueOf(Browser.java:1)
	at com.automation.Generic.DriverUtils.createWebDriver(DriverUtils.java:41)
	at com.automation.Test.BaseTest.beforeTest(BaseTest.java:34)
	at java.base/jdk.internal.reflect.NativeMethodAccessorImpl.invoke0(Native Method)
	at java.base/jdk.internal.reflect.NativeMethodAccessorImpl.invoke(NativeMethodAccessorImpl.java:77)
	at java.base/jdk.internal.reflect.DelegatingMethodAccessorImpl.invoke(DelegatingMethodAccessorImpl.java:43)
	at java.base/java.lang.reflect.Method.invoke(Method.java:568)
	at org.testng.internal.MethodInvocationHelper.invokeMethod(MethodInvocationHelper.java:133)
	at org.testng.internal.MethodInvocationHelper.invokeMethodConsideringTimeout(MethodInvocationHelper.java:62)
	at org.testng.internal.ConfigInvoker.invokeConfigurationMethod(ConfigInvoker.java:385)
	at org.testng.internal.ConfigInvoker.invokeConfigurations(ConfigInvoker.java:321)
	at org.testng.TestRunner.invokeTestConfigurations(TestRunner.java:637)
	at org.testng.TestRunner.beforeRun(TestRunner.java:627)
	at org.testng.TestRunner.run(TestRunner.java:589)
	at org.testng.SuiteRunner.runTest(SuiteRunner.java:377)
	at org.testng.SuiteRunner.runSequentially(SuiteRunner.java:371)
	at org.testng.SuiteRunner.privateRun(SuiteRunner.java:332)
	at org.testng.SuiteRunner.run(SuiteRunner.java:276)
	at org.testng.SuiteRunnerWorker.runSuite(SuiteRunnerWorker.java:53)
	at org.testng.SuiteRunnerWorker.run(SuiteRunnerWorker.java:96)
	at org.testng.TestNG.runSuitesSequentially(TestNG.java:1212)
	at org.testng.TestNG.runSuitesLocally(TestNG.java:1134)
	at org.testng.TestNG.runSuites(TestNG.java:1063)
	at org.testng.TestNG.run(TestNG.java:1031)
	at com.automation.TestRunner.RunnerConfig.runNG(RunnerConfig.java:28)
	at com.automation.TestRunner.App$6$1.run(App.java:393)
</pre></div></td>
<td>0</td>
<td>com.automation.Test.RegisterTest@3aeb020d</td></tr>
</table><p>
</body>
</html>