<?xml version="1.0" encoding="UTF-8"?>
<!-- Generated by org.testng.reporters.JUnitXMLReporter -->
<testsuite ignored="0" hostname="BLR1-LHP-N81084" failures="1" tests="2" name="register" time="3.57" errors="0" timestamp="2022-09-08T20:37:39 IST">
  <testcase classname="com.automation.Test.RegisterTest" name="sampleTestforParameter" time="0.0">
    <failure type="org.testng.TestNGException" message="
Parameter &amp;apos;username&amp;apos; is required by @Test on method sampleTestforParameter but has not been marked @Optional or defined
">
      <![CDATA[org.testng.TestNGException: 
Parameter 'username' is required by @Test on method sampleTestforParameter but has not been marked @Optional or defined

at java.base/java.util.ArrayList.forEach(ArrayList.java:1511)
at com.automation.TestRunner.RunnerConfig.runNG(RunnerConfig.java:28)
at com.automation.TestRunner.App$6$1.run(App.java:265)
... Removed 23 stack frames]]>
    </failure>
  </testcase> <!-- sampleTestforParameter -->
  <testcase classname="com.automation.Test.RegisterTest" name="registerWithValidData" time="1.859"/>
</testsuite> <!-- register -->
