<?xml version="1.0" encoding="UTF-8"?>
<!-- Generated by org.testng.reporters.JUnitXMLReporter -->
<testsuite ignored="0" hostname="BLR1-LHP-N81084" failures="1" tests="4" name="SearchFlightTest" time="11.464" errors="0" timestamp="2022-09-10T11:11:49 IST">
  <testcase classname="com.automation.Test.SearchFlightTest" name="BasicSearch" time="2.445"/>
  <testcase classname="com.automation.Test.SearchFlightTest" name="MultiCitySearch" time="2.838"/>
  <testcase classname="com.automation.Test.SearchFlightTest" name="ParameterizedSearch" time="1.522"/>
  <testcase classname="com.automation.Test.SearchFlightTest" name="RoundTripSearch" time="1.115">
    <failure type="org.openqa.selenium.ElementClickInterceptedException" message="element click intercepted: Element &amp;lt;div class=&amp;quot;triptype d-flex d-sm-flex d-md-inline-flex d-xl-inline-flex d-lg-inline-flex text-center flex-fill px-3 py-1 ml-xl-2 ml-lg-2 ml-md-2 mt-lg-0 mt-md-0 mt-xl-0 ml-sm-0 mt-1 ml-0 mt-sm-1 text-uppercase&amp;quot; ng-class=&amp;quot;{&amp;apos;active&amp;apos;:travel.tripType==2}&amp;quot; tabindex=&amp;quot;0&amp;quot; ng-click=&amp;quot;travel.tripType=2;&amp;quot;&amp;gt;...&amp;lt;/div&amp;gt; is not clickable at point (381, 52). Other element would receive the click: &amp;lt;div class=&amp;quot;simply_ts-logo w-100&amp;quot;&amp;gt;&amp;lt;/div&amp;gt;
  (Session info: MicrosoftEdge=105.0.1343.33)
Build info: version: &amp;apos;3.141.59&amp;apos;, revision: &amp;apos;e82be7d358&amp;apos;, time: &amp;apos;2018-11-14T08:17:03&amp;apos;
System info: host: &amp;apos;BLR1-LHP-N81084&amp;apos;, ip: &amp;apos;192.168.43.88&amp;apos;, os.name: &amp;apos;Windows 10&amp;apos;, os.arch: &amp;apos;amd64&amp;apos;, os.version: &amp;apos;10.0&amp;apos;, java.version: &amp;apos;17.0.3&amp;apos;
Driver info: org.openqa.selenium.edge.EdgeDriver
Capabilities {acceptInsecureCerts: false, browserName: msedge, browserVersion: 105.0.1343.33, javascriptEnabled: true, ms:edgeOptions: {debuggerAddress: localhost:55001}, msedge: {msedgedriverVersion: 105.0.1338.0 (0794cd3c97ea4..., userDataDir: C:\Users\MAINAK~1.MON\AppDa...}, networkConnectionEnabled: false, pageLoadStrategy: normal, platform: WINDOWS, platformName: WINDOWS, proxy: Proxy(), setWindowRect: true, strictFileInteractability: false, timeouts: {implicit: 0, pageLoad: 300000, script: 30000}, unhandledPromptBehavior: dismiss and notify, webauthn:extension:credBlob: true, webauthn:extension:largeBlob: true, webauthn:virtualAuthenticators: true}
Session ID: 0ad61e2f0a9e645cc997862cbaaf3734">
      <![CDATA[org.openqa.selenium.ElementClickInterceptedException: element click intercepted: Element <div class="triptype d-flex d-sm-flex d-md-inline-flex d-xl-inline-flex d-lg-inline-flex text-center flex-fill px-3 py-1 ml-xl-2 ml-lg-2 ml-md-2 mt-lg-0 mt-md-0 mt-xl-0 ml-sm-0 mt-1 ml-0 mt-sm-1 text-uppercase" ng-class="{'active':travel.tripType==2}" tabindex="0" ng-click="travel.tripType=2;">...</div> is not clickable at point (381, 52). Other element would receive the click: <div class="simply_ts-logo w-100"></div>
  (Session info: MicrosoftEdge=105.0.1343.33)
Build info: version: '3.141.59', revision: 'e82be7d358', time: '2018-11-14T08:17:03'
System info: host: 'BLR1-LHP-N81084', ip: '192.168.43.88', os.name: 'Windows 10', os.arch: 'amd64', os.version: '10.0', java.version: '17.0.3'
Driver info: org.openqa.selenium.edge.EdgeDriver
Capabilities {acceptInsecureCerts: false, browserName: msedge, browserVersion: 105.0.1343.33, javascriptEnabled: true, ms:edgeOptions: {debuggerAddress: localhost:55001}, msedge: {msedgedriverVersion: 105.0.1338.0 (0794cd3c97ea4..., userDataDir: C:\Users\MAINAK~1.MON\AppDa...}, networkConnectionEnabled: false, pageLoadStrategy: normal, platform: WINDOWS, platformName: WINDOWS, proxy: Proxy(), setWindowRect: true, strictFileInteractability: false, timeouts: {implicit: 0, pageLoad: 300000, script: 30000}, unhandledPromptBehavior: dismiss and notify, webauthn:extension:credBlob: true, webauthn:extension:largeBlob: true, webauthn:virtualAuthenticators: true}
Session ID: 0ad61e2f0a9e645cc997862cbaaf3734
at org.openqa.selenium.remote.http.W3CHttpResponseCodec.createException(W3CHttpResponseCodec.java:187)
at org.openqa.selenium.remote.http.W3CHttpResponseCodec.decode(W3CHttpResponseCodec.java:122)
at org.openqa.selenium.remote.http.W3CHttpResponseCodec.decode(W3CHttpResponseCodec.java:49)
at org.openqa.selenium.remote.HttpCommandExecutor.execute(HttpCommandExecutor.java:158)
at org.openqa.selenium.remote.service.DriverCommandExecutor.execute(DriverCommandExecutor.java:83)
at org.openqa.selenium.remote.RemoteWebDriver.execute(RemoteWebDriver.java:552)
at org.openqa.selenium.remote.RemoteWebElement.execute(RemoteWebElement.java:285)
at org.openqa.selenium.remote.RemoteWebElement.click(RemoteWebElement.java:84)
at org.openqa.selenium.support.pagefactory.internal.LocatingElementHandler.invoke(LocatingElementHandler.java:51)
at jdk.proxy2/jdk.proxy2.$Proxy18.click(Unknown Source)
at com.automation.Pages.SearchFlightPage.setFlightType(SearchFlightPage.java:79)
at com.automation.Test.SearchFlightTest.RoundTripSearch(SearchFlightTest.java:43)
at java.base/java.util.ArrayList.forEach(ArrayList.java:1511)
... Removed 35 stack frames]]>
    </failure>
  </testcase> <!-- RoundTripSearch -->
</testsuite> <!-- SearchFlightTest -->
