<!DOCTYPE html PUBLIC "-//W3C//DTD XHTML 1.1//EN" "https://www.w3.org/TR/xhtml11/DTD/xhtml11.dtd">
<html xmlns="https://www.w3.org/1999/xhtml">
<head>
<meta http-equiv="content-type" content="text/html; charset=UTF-8"/>
<title>TestNG Report</title>
<style type="text/css">table {margin-bottom:10px;border-collapse:collapse;empty-cells:show}th,td {border:1px solid #009;padding:.25em .5em}th {vertical-align:bottom}td {vertical-align:top}table a {font-weight:bold}.stripe td {background-color: #E6EBF9}.num {text-align:right}.passedodd td {background-color: #3F3}.passedeven td {background-color: #0A0}.skippedodd td {background-color: #DDD}.skippedeven td {background-color: #CCC}.failedodd td,.attn {background-color: #F33}.failedeven td,.stripe .attn {background-color: #D00}.stacktrace {white-space:pre;font-family:monospace}.totop {font-size:85%;text-align:center;border-bottom:2px solid #000}.invisible {display:none}</style>
</head>
<body>
<table>
<tr><th>Test</th><th># Passed</th><th># Skipped</th><th># Retried</th><th># Failed</th><th>Time (ms)</th><th>Included Groups</th><th>Excluded Groups</th></tr>
<tr><th colspan="8">Suite</th></tr>
<tr><td><a href="#t0">BookFlightTest</a></td><td class="num">2</td><td class="num">0</td><td class="num">0</td><td class="num attn">1</td><td class="num">22,172</td><td></td><td></td></tr>
<tr class="stripe"><td><a href="#t1">registerTest</a></td><td class="num">1</td><td class="num">0</td><td class="num">0</td><td class="num">0</td><td class="num">6,292</td><td></td><td></td></tr>
<tr><td><a href="#t2">loginTest</a></td><td class="num">4</td><td class="num">0</td><td class="num">0</td><td class="num attn">3</td><td class="num">10,675</td><td></td><td></td></tr>
<tr class="stripe"><td><a href="#t3">searchFlightTest</a></td><td class="num">4</td><td class="num">0</td><td class="num">0</td><td class="num">0</td><td class="num">11,315</td><td></td><td></td></tr>
<tr><th>Total</th><th class="num">11</th><th class="num">0</th><th class="num">0</th><th class="num attn">4</th><th class="num">50,454</th><th colspan="2"></th></tr>
</table>
<table id='summary'><thead><tr><th>Class</th><th>Method</th><th>Start</th><th>Time (ms)</th></tr></thead><tbody><tr><th colspan="4">Suite</th></tr></tbody><tbody id="t0"><tr><th colspan="4">BookFlightTest &#8212; failed</th></tr><tr class="failedeven"><td rowspan="1">com.automation.Test.BookingTest</td><td><a href="#m0">turnOffWifi</a></td><td rowspan="1">1661064235546</td><td rowspan="1">10009</td></tr><tr><th colspan="4">BookFlightTest &#8212; passed</th></tr><tr class="passedeven"><td rowspan="2">com.automation.Test.BookingTest</td><td><a href="#m1">loadSearchPage</a></td><td rowspan="1">1661064246005</td><td rowspan="1">3123</td></tr><tr class="passedeven"><td><a href="#m2">verifyBooking</a></td><td rowspan="1">1661064249132</td><td rowspan="1">2991</td></tr></tbody>
<tbody id="t1"><tr><th colspan="4">registerTest &#8212; passed</th></tr><tr class="passedeven"><td rowspan="1">com.automation.Test.RegisterTest</td><td><a href="#m3">registerWithValidData</a></td><td rowspan="1">1661064255181</td><td rowspan="1">3572</td></tr></tbody>
<tbody id="t2"><tr><th colspan="4">loginTest &#8212; failed</th></tr><tr class="failedeven"><td rowspan="3">com.automation.Test.LoginTest</td><td><a href="#m4">verifyLoginWithInValidData</a></td><td rowspan="3">1661064263197</td><td rowspan="3">734</td></tr><tr class="failedeven"><td><a href="#m5">verifyLoginWithInValidData</a></td></tr><tr class="failedeven"><td><a href="#m6">verifyLoginWithInValidData</a></td></tr><tr><th colspan="4">loginTest &#8212; passed</th></tr><tr class="passedeven"><td rowspan="4">com.automation.Test.LoginTest</td><td><a href="#m7">verifyLoginWithValidData</a></td><td rowspan="1">1661064265299</td><td rowspan="1">2656</td></tr><tr class="passedeven"><td><a href="#m8">verifyLogout</a></td><td rowspan="1">1661064267956</td><td rowspan="1">359</td></tr><tr class="passedeven"><td><a href="#m9">verifyResetPassword</a></td><td rowspan="1">1661064268317</td><td rowspan="1">473</td></tr><tr class="passedeven"><td><a href="#m10">verifySignUpLink</a></td><td rowspan="1">1661064268792</td><td rowspan="1">856</td></tr></tbody>
<tbody id="t3"><tr><th colspan="4">searchFlightTest &#8212; passed</th></tr><tr class="passedeven"><td rowspan="4">com.automation.Test.SearchFlightTest</td><td><a href="#m11">BasicSearch</a></td><td rowspan="1">1661064272507</td><td rowspan="1">1896</td></tr><tr class="passedeven"><td><a href="#m12">MultiCitySearch</a></td><td rowspan="1">1661064278974</td><td rowspan="1">2278</td></tr><tr class="passedeven"><td><a href="#m13">ParameterizedSearch</a></td><td rowspan="1">1661064274404</td><td rowspan="1">1794</td></tr><tr class="passedeven"><td><a href="#m14">RoundTripSearch</a></td><td rowspan="1">1661064276199</td><td rowspan="1">2774</td></tr></tbody>
</table>
<h2>BookFlightTest</h2><h3 id="m0">com.automation.Test.BookingTest#turnOffWifi</h3><table class="result"><tr><th>Exception</th></tr><tr><td><div class="stacktrace">org.testng.internal.thread.ThreadTimeoutException: Method com.automation.Test.BookingTest.turnOffWifi() didn&apos;t finish within the time-out 10000
	at java.base/java.util.ArrayList.forEach(ArrayList.java:1511)
	at com.automation.Test.NGRunner.main(NGRunner.java:74)
... Removed 21 stack frames</div></td></tr></table><p class="totop"><a href="#summary">back to summary</a></p>
<h3 id="m1">com.automation.Test.BookingTest#loadSearchPage</h3><table class="result"><tr><th class="invisible"/></tr></table><p class="totop"><a href="#summary">back to summary</a></p>
<h3 id="m2">com.automation.Test.BookingTest#verifyBooking</h3><table class="result"><tr><th class="invisible"/></tr></table><p class="totop"><a href="#summary">back to summary</a></p>
<h2>registerTest</h2><h3 id="m3">com.automation.Test.RegisterTest#registerWithValidData</h3><table class="result"><tr><th class="invisible"/></tr></table><p class="totop"><a href="#summary">back to summary</a></p>
<h2>loginTest</h2><h3 id="m4">com.automation.Test.LoginTest#verifyLoginWithInValidData</h3><table class="result"><tr class="param"><th>Parameter #1</th><th>Parameter #2</th></tr><tr class="param stripe"><td>user2</td><td>pass2</td></tr><tr><th colspan="2">Exception</th></tr><tr><td colspan="2"><div class="stacktrace">java.lang.AssertionError: Login Unsuccesful expected [false] but found [true]
	at com.automation.Test.LoginTest.verifyLoginWithInValidData(LoginTest.java:33)
	at java.base/java.util.ArrayList.forEach(ArrayList.java:1511)
	at com.automation.Test.NGRunner.main(NGRunner.java:74)
... Removed 27 stack frames</div></td></tr></table><p class="totop"><a href="#summary">back to summary</a></p>
<h3 id="m5">com.automation.Test.LoginTest#verifyLoginWithInValidData</h3><table class="result"><tr class="param"><th>Parameter #1</th><th>Parameter #2</th></tr><tr class="param stripe"><td>user1</td><td>pass1</td></tr><tr><th colspan="2">Exception</th></tr><tr><td colspan="2"><div class="stacktrace">java.lang.AssertionError: Login Unsuccesful expected [false] but found [true]
	at com.automation.Test.LoginTest.verifyLoginWithInValidData(LoginTest.java:33)
	at java.base/java.util.ArrayList.forEach(ArrayList.java:1511)
	at com.automation.Test.NGRunner.main(NGRunner.java:74)
... Removed 27 stack frames</div></td></tr></table><p class="totop"><a href="#summary">back to summary</a></p>
<h3 id="m6">com.automation.Test.LoginTest#verifyLoginWithInValidData</h3><table class="result"><tr class="param"><th>Parameter #1</th><th>Parameter #2</th></tr><tr class="param stripe"><td>user3</td><td>pass3</td></tr><tr><th colspan="2">Exception</th></tr><tr><td colspan="2"><div class="stacktrace">java.lang.AssertionError: Login Unsuccesful expected [false] but found [true]
	at com.automation.Test.LoginTest.verifyLoginWithInValidData(LoginTest.java:33)
	at java.base/java.util.ArrayList.forEach(ArrayList.java:1511)
	at com.automation.Test.NGRunner.main(NGRunner.java:74)
... Removed 27 stack frames</div></td></tr></table><p class="totop"><a href="#summary">back to summary</a></p>
<h3 id="m7">com.automation.Test.LoginTest#verifyLoginWithValidData</h3><table class="result"><tr><th class="invisible"/></tr></table><p class="totop"><a href="#summary">back to summary</a></p>
<h3 id="m8">com.automation.Test.LoginTest#verifyLogout</h3><table class="result"><tr><th class="invisible"/></tr></table><p class="totop"><a href="#summary">back to summary</a></p>
<h3 id="m9">com.automation.Test.LoginTest#verifyResetPassword</h3><table class="result"><tr><th class="invisible"/></tr></table><p class="totop"><a href="#summary">back to summary</a></p>
<h3 id="m10">com.automation.Test.LoginTest#verifySignUpLink</h3><table class="result"><tr><th class="invisible"/></tr></table><p class="totop"><a href="#summary">back to summary</a></p>
<h2>searchFlightTest</h2><h3 id="m11">com.automation.Test.SearchFlightTest#BasicSearch</h3><table class="result"><tr><th class="invisible"/></tr></table><p class="totop"><a href="#summary">back to summary</a></p>
<h3 id="m12">com.automation.Test.SearchFlightTest#MultiCitySearch</h3><table class="result"><tr><th class="invisible"/></tr></table><p class="totop"><a href="#summary">back to summary</a></p>
<h3 id="m13">com.automation.Test.SearchFlightTest#ParameterizedSearch</h3><table class="result"><tr><th class="invisible"/></tr></table><p class="totop"><a href="#summary">back to summary</a></p>
<h3 id="m14">com.automation.Test.SearchFlightTest#RoundTripSearch</h3><table class="result"><tr><th class="invisible"/></tr></table><p class="totop"><a href="#summary">back to summary</a></p>
</body>
</html>
